<?xml version="1.0" encoding="UTF-8"?>
<testng-results ignored="0" total="1" passed="1" failed="0" skipped="0">
  <reporter-output>
  </reporter-output>
  <suite started-at="2023-08-11T04:42:50 IST" name="Default suite" finished-at="2023-08-11T04:43:18 IST" duration-ms="28262">
    <groups>
    </groups>
    <test started-at="2023-08-11T04:42:50 IST" name="Default test" finished-at="2023-08-11T04:43:18 IST" duration-ms="28262">
      <class name="tests.Placing_an_order">
        <test-method signature="test()[pri:0, instance:tests.Placing_an_order@7b98f307]" started-at="2023-08-11T04:42:50 IST" name="test" finished-at="2023-08-11T04:43:18 IST" duration-ms="28182" status="PASS">
          <reporter-output>
          </reporter-output>
        </test-method> <!-- test -->
      </class> <!-- tests.Placing_an_order -->
    </test> <!-- Default test -->
  </suite> <!-- Default suite -->
</testng-results>
